<?xml version="1.0" encoding="UTF-8"?>
<!-- Generated by org.testng.reporters.JUnitReportReporter -->
<testsuite hostname="Logueswar" failures="0" tests="1" name="testCases.TC05_TabsPageVerification" time="0.528" errors="0" timestamp="2025-08-24T10:01:33 IST" skipped="0">
  <testcase classname="testCases.TC05_TabsPageVerification" name="verifytabspage" time="0.528"/>
</testsuite> <!-- testCases.TC05_TabsPageVerification -->
