<?xml version="1.0" encoding="UTF-8"?>
<!-- Generated by org.testng.reporters.JUnitReportReporter -->
<testsuite hostname="Logueswar" failures="0" tests="1" name="testCases.TC04_SelectPageVerification" time="1.031" errors="0" timestamp="2025-08-24T10:01:33 IST" skipped="0">
  <testcase classname="testCases.TC04_SelectPageVerification" name="verifydropdownactions" time="1.031"/>
</testsuite> <!-- testCases.TC04_SelectPageVerification -->
