<?xml version="1.0" encoding="UTF-8"?>
<!-- Generated by org.testng.reporters.JUnitReportReporter -->
<testsuite hostname="Logueswar" failures="0" tests="1" name="testCases.TC06_AlertsPageVerification" time="0.422" errors="0" timestamp="2025-08-25T11:43:07 IST" skipped="0">
  <testcase classname="testCases.TC06_AlertsPageVerification" name="verify_alerts" time="0.422"/>
</testsuite> <!-- testCases.TC06_AlertsPageVerification -->
