<?xml version="1.0" encoding="UTF-8"?>
<!-- Generated by org.testng.reporters.JUnitReportReporter -->
<testsuite hostname="Logueswar" failures="0" tests="1" name="testCases.TC03_ButtonPageVerification" time="0.505" errors="0" timestamp="2025-08-25T11:43:07 IST" skipped="0">
  <testcase classname="testCases.TC03_ButtonPageVerification" name="verifybuttonpage" time="0.505"/>
</testsuite> <!-- testCases.TC03_ButtonPageVerification -->
