<?xml version="1.0" encoding="UTF-8"?>
<!-- Generated by org.testng.reporters.JUnitReportReporter -->
<testsuite hostname="Logueswar" failures="0" tests="1" name="testCases.TC01_ProductsPageVerification" time="0.336" errors="0" timestamp="2025-08-25T11:43:07 IST" skipped="0">
  <testcase classname="testCases.TC01_ProductsPageVerification" name="verifyproductspage" time="0.336"/>
</testsuite> <!-- testCases.TC01_ProductsPageVerification -->
