<?xml version="1.0" encoding="UTF-8"?>
<!-- Generated by org.testng.reporters.JUnitReportReporter -->
<testsuite hostname="Logueswar" failures="0" tests="1" name="testCases.TC05_TabsPageVerification" time="4.035" errors="0" timestamp="2025-08-24T11:46:58 IST" skipped="0">
  <testcase classname="testCases.TC05_TabsPageVerification" name="verifytabspage" time="4.035"/>
</testsuite> <!-- testCases.TC05_TabsPageVerification -->
